<?xml version="1.0" encoding="UTF-8"?>
<testng-results skipped="0" failed="0" ignored="1" total="2" passed="1">
  <reporter-output>
  </reporter-output>
  <suite name="Default suite" duration-ms="4067" started-at="2022-09-12T04:47:22 CDT" finished-at="2022-09-12T04:47:26 CDT">
    <groups>
    </groups>
    <test name="Default test" duration-ms="4067" started-at="2022-09-12T04:47:22 CDT" finished-at="2022-09-12T04:47:26 CDT">
      <class name="test.TestFour">
        <test-method status="PASS" signature="callingWebBrowser()[pri:0, instance:test.TestFour@57e1b0c]" name="callingWebBrowser" is-config="true" duration-ms="2547" started-at="2022-09-12T04:47:22 CDT" finished-at="2022-09-12T04:47:24 CDT">
          <reporter-output>
          </reporter-output>
        </test-method> <!-- callingWebBrowser -->
        <test-method status="PASS" signature="test5()[pri:0, instance:test.TestFour@57e1b0c]" name="test5" duration-ms="775" started-at="2022-09-12T04:47:24 CDT" finished-at="2022-09-12T04:47:25 CDT">
          <reporter-output>
          </reporter-output>
        </test-method> <!-- test5 -->
        <test-method status="PASS" signature="closingBrowser()[pri:0, instance:test.TestFour@57e1b0c]" name="closingBrowser" is-config="true" duration-ms="709" started-at="2022-09-12T04:47:25 CDT" finished-at="2022-09-12T04:47:26 CDT">
          <reporter-output>
          </reporter-output>
        </test-method> <!-- closingBrowser -->
      </class> <!-- test.TestFour -->
    </test> <!-- Default test -->
  </suite> <!-- Default suite -->
</testng-results>
